Using pre-set license
Built from '2022.3/staging' branch; Version is '2022.3.7f1 (b16b3b16c7a0) revision 11627323'; Using compiler version '192829333'; Build Type 'Release'
OS: 'Windows 11  (10.0.22621) 64bit Core' Language: 'en' Physical Memory: 16176 MB
BatchMode: 1, IsHumanControllingUs: 0, StartBugReporterOnCrash: 0, Is64bit: 1, IsPro: 1

COMMAND LINE ARGUMENTS:
C:\Program Files\Unity\Hub\Editor\2022.3.7f1\Editor\Unity.exe
-adb2
-batchMode
-noUpm
-name
AssetImportWorker0
-projectPath
C:/Users/Semfh/Downloads/Games AI 6 - DDA
-logFile
Logs/AssetImportWorker0.log
-srvPort
59608
Successfully changed project path to: C:/Users/Semfh/Downloads/Games AI 6 - DDA
C:/Users/Semfh/Downloads/Games AI 6 - DDA
[UnityMemory] Configuration Parameters - Can be set up in boot.config
    "memorysetup-bucket-allocator-granularity=16"
    "memorysetup-bucket-allocator-bucket-count=8"
    "memorysetup-bucket-allocator-block-size=33554432"
    "memorysetup-bucket-allocator-block-count=8"
    "memorysetup-main-allocator-block-size=16777216"
    "memorysetup-thread-allocator-block-size=16777216"
    "memorysetup-gfx-main-allocator-block-size=16777216"
    "memorysetup-gfx-thread-allocator-block-size=16777216"
    "memorysetup-cache-allocator-block-size=4194304"
    "memorysetup-typetree-allocator-block-size=2097152"
    "memorysetup-profiler-bucket-allocator-granularity=16"
    "memorysetup-profiler-bucket-allocator-bucket-count=8"
    "memorysetup-profiler-bucket-allocator-block-size=33554432"
    "memorysetup-profiler-bucket-allocator-block-count=8"
    "memorysetup-profiler-allocator-block-size=16777216"
    "memorysetup-profiler-editor-allocator-block-size=1048576"
    "memorysetup-temp-allocator-size-main=16777216"
    "memorysetup-job-temp-allocator-block-size=2097152"
    "memorysetup-job-temp-allocator-block-size-background=1048576"
    "memorysetup-job-temp-allocator-reduction-small-platforms=262144"
    "memorysetup-allocator-temp-initial-block-size-main=262144"
    "memorysetup-allocator-temp-initial-block-size-worker=262144"
    "memorysetup-temp-allocator-size-background-worker=32768"
    "memorysetup-temp-allocator-size-job-worker=262144"
    "memorysetup-temp-allocator-size-preload-manager=33554432"
    "memorysetup-temp-allocator-size-nav-mesh-worker=65536"
    "memorysetup-temp-allocator-size-audio-worker=65536"
    "memorysetup-temp-allocator-size-cloud-worker=32768"
    "memorysetup-temp-allocator-size-gi-baking-worker=262144"
    "memorysetup-temp-allocator-size-gfx=262144"
Player connection [42204] Host "[IP] 25.57.139.92 [Port] 0 [Flags] 2 [Guid] 159492274 [EditorId] 159492274 [Version] 1048832 [Id] WindowsEditor(7,Kirk) [Debug] 1 [PackageName] WindowsEditor [ProjectName] Editor" joined multi-casting on [225.0.0.222:54997]...

Player connection [42204] Host "[IP] 25.57.139.92 [Port] 0 [Flags] 2 [Guid] 159492274 [EditorId] 159492274 [Version] 1048832 [Id] WindowsEditor(7,Kirk) [Debug] 1 [PackageName] WindowsEditor [ProjectName] Editor" joined alternative multi-casting on [225.0.0.222:34997]...

Refreshing native plugins compatible for Editor in 1676.19 ms, found 3 plugins.
Preloading 0 native plugins for Editor in 0.00 ms.
Initialize engine version: 2022.3.7f1 (b16b3b16c7a0)
[Subsystems] Discovering subsystems at path C:/Program Files/Unity/Hub/Editor/2022.3.7f1/Editor/Data/Resources/UnitySubsystems
[Subsystems] Discovering subsystems at path C:/Users/Semfh/Downloads/Games AI 6 - DDA/Assets
GfxDevice: creating device client; threaded=0; jobified=0
Direct3D:
    Version:  Direct3D 11.0 [level 11.1]
    Renderer: NVIDIA GeForce RTX 3060 (ID=0x2504)
    Vendor:   NVIDIA
    VRAM:     12129 MB
    Driver:   31.0.15.3758
Shader 'MoreMountains/MMRipple': fallback shader 'Particle/AlphaBlended' not found
Initialize mono
Mono path[0] = 'C:/Program Files/Unity/Hub/Editor/2022.3.7f1/Editor/Data/Managed'
Mono path[1] = 'C:/Program Files/Unity/Hub/Editor/2022.3.7f1/Editor/Data/MonoBleedingEdge/lib/mono/unityjit-win32'
Mono config path = 'C:/Program Files/Unity/Hub/Editor/2022.3.7f1/Editor/Data/MonoBleedingEdge/etc'
Using monoOptions --debugger-agent=transport=dt_socket,embedding=1,server=y,suspend=n,address=127.0.0.1:56712
Begin MonoManager ReloadAssembly
Registering precompiled unity dll's ...
Register platform support module: C:/Program Files/Unity/Hub/Editor/2022.3.7f1/Editor/Data/PlaybackEngines/WindowsStandaloneSupport/UnityEditor.WindowsStandalone.Extensions.dll
Registered in 0.004813 seconds.
- Loaded All Assemblies, in  0.246 seconds
Native extension for WindowsStandalone target not found
Mono: successfully reloaded assembly
- Finished resetting the current domain, in  0.170 seconds
Domain Reload Profiling: 415ms
	BeginReloadAssembly (81ms)
		ExecutionOrderSort (0ms)
		DisableScriptedObjects (0ms)
		BackupInstance (0ms)
		ReleaseScriptingObjects (0ms)
		CreateAndSetChildDomain (1ms)
	RebuildCommonClasses (22ms)
	RebuildNativeTypeToScriptingClass (7ms)
	initialDomainReloadingComplete (40ms)
	LoadAllAssembliesAndSetupDomain (95ms)
		LoadAssemblies (80ms)
		RebuildTransferFunctionScriptingTraits (0ms)
		AnalyzeDomain (93ms)
			TypeCache.Refresh (92ms)
				TypeCache.ScanAssembly (83ms)
			ScanForSourceGeneratedMonoScriptInfo (0ms)
			ResolveRequiredComponents (0ms)
	FinalizeReload (171ms)
		ReleaseScriptCaches (0ms)
		RebuildScriptCaches (0ms)
		SetupLoadedEditorAssemblies (133ms)
			LogAssemblyErrors (0ms)
			InitializePlatformSupportModulesInManaged (7ms)
			SetLoadedEditorAssemblies (5ms)
			RefreshPlugins (0ms)
			BeforeProcessingInitializeOnLoad (1ms)
			ProcessInitializeOnLoadAttributes (84ms)
			ProcessInitializeOnLoadMethodAttributes (36ms)
			AfterProcessingInitializeOnLoad (0ms)
			EditorAssembliesLoaded (0ms)
		ExecutionOrderSort2 (0ms)
		AwakeInstancesAfterBackupRestoration (0ms)
========================================================================
Worker process is ready to serve import requests
Begin MonoManager ReloadAssembly
- Loaded All Assemblies, in  6.395 seconds
Refreshing native plugins compatible for Editor in 1.93 ms, found 3 plugins.
Native extension for WindowsStandalone target not found
Package Manager log level set to [2]
[Package Manager] Server::EnsureServerProcessIsRunning -- launch failed, reason: Unity was launched with the -noUpm command-line argument
[Package Manager] UpmClient::Send -- Unable to send message (not connected to UPM process).
[Package Manager] Cannot connect to Unity Package Manager local server
Mono: successfully reloaded assembly
- Finished resetting the current domain, in  0.488 seconds
Domain Reload Profiling: 6877ms
	BeginReloadAssembly (217ms)
		ExecutionOrderSort (0ms)
		DisableScriptedObjects (11ms)
		BackupInstance (0ms)
		ReleaseScriptingObjects (0ms)
		CreateAndSetChildDomain (26ms)
	RebuildCommonClasses (48ms)
	RebuildNativeTypeToScriptingClass (14ms)
	initialDomainReloadingComplete (59ms)
	LoadAllAssembliesAndSetupDomain (6052ms)
		LoadAssemblies (6038ms)
		RebuildTransferFunctionScriptingTraits (0ms)
		AnalyzeDomain (146ms)
			TypeCache.Refresh (121ms)
				TypeCache.ScanAssembly (108ms)
			ScanForSourceGeneratedMonoScriptInfo (14ms)
			ResolveRequiredComponents (10ms)
	FinalizeReload (489ms)
		ReleaseScriptCaches (0ms)
		RebuildScriptCaches (0ms)
		SetupLoadedEditorAssemblies (367ms)
			LogAssemblyErrors (0ms)
			InitializePlatformSupportModulesInManaged (4ms)
			SetLoadedEditorAssemblies (2ms)
			RefreshPlugins (0ms)
			BeforeProcessingInitializeOnLoad (49ms)
			ProcessInitializeOnLoadAttributes (287ms)
			ProcessInitializeOnLoadMethodAttributes (20ms)
			AfterProcessingInitializeOnLoad (4ms)
			EditorAssembliesLoaded (0ms)
		ExecutionOrderSort2 (0ms)
		AwakeInstancesAfterBackupRestoration (5ms)
Shader 'MoreMountains/MMRipple': fallback shader 'Particle/AlphaBlended' not found
Launched and connected shader compiler UnityShaderCompiler.exe after 0.04 seconds
Refreshing native plugins compatible for Editor in 3.42 ms, found 3 plugins.
Preloading 0 native plugins for Editor in 0.00 ms.
Unloading 4644 Unused Serialized files (Serialized files now loaded: 0)
Unloading 63 unused Assets / (1.4 MB). Loaded Objects now: 5097.
Memory consumption went from 248.3 MB to 246.9 MB.
Total: 4.891800 ms (FindLiveObjects: 0.405400 ms CreateObjectMapping: 0.327100 ms MarkObjects: 3.646000 ms  DeleteObjects: 0.512000 ms)

AssetImportParameters requested are different than current active one (requested -> active):
  custom:container-demuxer-ogg: 62fdf1f143b41e24485cea50d1cbac27 -> 
  custom:video-codec-MediaFoundation-h265: 746d11721c4dcdbdad8f713fa42b33f4 -> 
  custom:video-decoder-ogg-theora: a1e56fd34408186e4bbccfd4996cb3dc -> 
  custom:framework-win-MediaFoundation: 216162199b28c13a410421893ffa2e32 -> 
  custom:CustomObjectIndexerAttribute: 756ad292c208cfabdd7b50bc23989ffe -> 
  custom:container-demuxer-webm: 4f35f7cbe854078d1ac9338744f61a02 -> 
  custom:container-muxer-webm: aa71ff27fc2769a1b78a27578f13a17b -> 
  custom:video-decoder-webm-vp8: 9c59270c3fd7afecdb556c50c9e8de78 -> 
  custom:SearchIndexIgnoredProperties: e643bd26f0fe6173181afceb89e7c659 -> 
  custom:AudioImporter_EditorPlatform: d09bf68614088b80899f8185d706f6e7 -> 
  custom:video-encoder-webm-vp8: eb34c28f22e8b96e1ab97ce403110664 -> 
  custom:audio-decoder-ogg-vorbis: bf7c407c2cedff20999df2af8eb42d56 -> 
  custom:audio-encoder-webm-vorbis: bf7c407c2cedff20999df2af8eb42d56 -> 
========================================================================
Received Import Request.
  Time since last request: 351289.135288 seconds.
  path: Assets/Scenes
  artifactKey: Guid(bb3a4e4c4f83fd445afd0019ccf71cdf) Importer(815301076,1909f56bfc062723c751e8b465ee728b)
Start importing Assets/Scenes using Guid(bb3a4e4c4f83fd445afd0019ccf71cdf) Importer(815301076,1909f56bfc062723c751e8b465ee728b)  -> (artifact id: '0916afade76265a8736f144b139faa19') in 0.003266 seconds
Number of updated asset objects reloaded before import = 0
Number of asset objects unloaded after import = 0
========================================================================
Received Import Request.
  Time since last request: 0.000036 seconds.
  path: Assets/Scenes/SampleScene.unity
  artifactKey: Guid(9fc0d4010bbf28b4594072e72b8655ab) Importer(815301076,1909f56bfc062723c751e8b465ee728b)
Start importing Assets/Scenes/SampleScene.unity using Guid(9fc0d4010bbf28b4594072e72b8655ab) Importer(815301076,1909f56bfc062723c751e8b465ee728b)  -> (artifact id: 'a85bec50c8be757587fedfaade313866') in 0.000539 seconds
Number of updated asset objects reloaded before import = 0
Number of asset objects unloaded after import = 0
========================================================================
Received Import Request.
  Time since last request: 39.455133 seconds.
  path: Assets/CorgiEngine/Demos/Minimal
  artifactKey: Guid(f06b16abfa9721648b4006dc6ac4f196) Importer(815301076,1909f56bfc062723c751e8b465ee728b)
Start importing Assets/CorgiEngine/Demos/Minimal using Guid(f06b16abfa9721648b4006dc6ac4f196) Importer(815301076,1909f56bfc062723c751e8b465ee728b)  -> (artifact id: '19831ee321c59efb8c0898449b1256da') in 0.000478 seconds
Number of updated asset objects reloaded before import = 0
Number of asset objects unloaded after import = 0
========================================================================
Received Import Request.
  Time since last request: 3.387922 seconds.
  path: Assets/CorgiEngine/Demos/Minimal/MinimalModelSwitch.unity
  artifactKey: Guid(d7b557f6a71b64946a3fe442e825d5fb) Importer(815301076,1909f56bfc062723c751e8b465ee728b)
Start importing Assets/CorgiEngine/Demos/Minimal/MinimalModelSwitch.unity using Guid(d7b557f6a71b64946a3fe442e825d5fb) Importer(815301076,1909f56bfc062723c751e8b465ee728b)  -> (artifact id: '3ce9a580c5bb793231606632d7483181') in 0.000460 seconds
Number of updated asset objects reloaded before import = 0
Number of asset objects unloaded after import = 0
========================================================================
Received Import Request.
  Time since last request: 1.977931 seconds.
  path: Assets/CorgiEngine/Demos/Minimal/MinimalLevel.unity
  artifactKey: Guid(b5dafbb7f5956d94ba41cd169cc39435) Importer(815301076,1909f56bfc062723c751e8b465ee728b)
Start importing Assets/CorgiEngine/Demos/Minimal/MinimalLevel.unity using Guid(b5dafbb7f5956d94ba41cd169cc39435) Importer(815301076,1909f56bfc062723c751e8b465ee728b)  -> (artifact id: '955a23f5c3794fd2252657dc6df80552') in 0.000465 seconds
Number of updated asset objects reloaded before import = 0
Number of asset objects unloaded after import = 0
========================================================================
Received Import Request.
  Time since last request: 0.966759 seconds.
  path: Assets/CorgiEngine/Demos/Minimal/MinimalFlight.unity
  artifactKey: Guid(5714929c69111d6479988071c2f49c7c) Importer(815301076,1909f56bfc062723c751e8b465ee728b)
Start importing Assets/CorgiEngine/Demos/Minimal/MinimalFlight.unity using Guid(5714929c69111d6479988071c2f49c7c) Importer(815301076,1909f56bfc062723c751e8b465ee728b)  -> (artifact id: '7b7c7d6e2f6b1b10608d1d2ac857bbb1') in 0.000449 seconds
Number of updated asset objects reloaded before import = 0
Number of asset objects unloaded after import = 0
========================================================================
Received Import Request.
  Time since last request: 0.791398 seconds.
  path: Assets/CorgiEngine/Demos/Minimal/MinimalFallDamage.unity
  artifactKey: Guid(5981ecd2cdc50c142817e7aa485be511) Importer(815301076,1909f56bfc062723c751e8b465ee728b)
Start importing Assets/CorgiEngine/Demos/Minimal/MinimalFallDamage.unity using Guid(5981ecd2cdc50c142817e7aa485be511) Importer(815301076,1909f56bfc062723c751e8b465ee728b)  -> (artifact id: '26c9f221a77fb48947a01dd5234a1bd5') in 0.000450 seconds
Number of updated asset objects reloaded before import = 0
Number of asset objects unloaded after import = 0
========================================================================
Received Import Request.
  Time since last request: 1.404970 seconds.
  path: Assets/CorgiEngine/Demos/Minimal/MinimalMovingPlatforms.unity
  artifactKey: Guid(e9f05a74451393a45820631bf8eb2ed1) Importer(815301076,1909f56bfc062723c751e8b465ee728b)
Start importing Assets/CorgiEngine/Demos/Minimal/MinimalMovingPlatforms.unity using Guid(e9f05a74451393a45820631bf8eb2ed1) Importer(815301076,1909f56bfc062723c751e8b465ee728b)  -> (artifact id: 'fe4ecf59d20a63155900ca3d7189a62a') in 0.000471 seconds
Number of updated asset objects reloaded before import = 0
Number of asset objects unloaded after import = 0
========================================================================
Received Import Request.
  Time since last request: 1.466956 seconds.
  path: Assets/CorgiEngine/Demos/Minimal/MinimalOneWayLevelAutoScrolling.unity
  artifactKey: Guid(cec1726c18982b84b8cf78b0b33025c7) Importer(815301076,1909f56bfc062723c751e8b465ee728b)
Start importing Assets/CorgiEngine/Demos/Minimal/MinimalOneWayLevelAutoScrolling.unity using Guid(cec1726c18982b84b8cf78b0b33025c7) Importer(815301076,1909f56bfc062723c751e8b465ee728b)  -> (artifact id: 'eaa49df15b02f5ba769846a109a05135') in 0.000546 seconds
Number of updated asset objects reloaded before import = 0
Number of asset objects unloaded after import = 0
========================================================================
Received Import Request.
  Time since last request: 0.673601 seconds.
  path: Assets/CorgiEngine/Demos/Minimal/MinimalOneWayLevelHorizontal.unity
  artifactKey: Guid(5e74e8fd6deb84749a4fc4e4b8d7ea09) Importer(815301076,1909f56bfc062723c751e8b465ee728b)
Start importing Assets/CorgiEngine/Demos/Minimal/MinimalOneWayLevelHorizontal.unity using Guid(5e74e8fd6deb84749a4fc4e4b8d7ea09) Importer(815301076,1909f56bfc062723c751e8b465ee728b)  -> (artifact id: 'bb16a2f4fa27de11d9b8d027de06c95a') in 0.000557 seconds
Number of updated asset objects reloaded before import = 0
Number of asset objects unloaded after import = 0
========================================================================
Received Import Request.
  Time since last request: 3.779036 seconds.
  path: Assets/CorgiEngine/Demos/Minimal/MinimalSpawners.unity
  artifactKey: Guid(4c2aaf8a2f44b4dd8bcabba19d475c87) Importer(815301076,1909f56bfc062723c751e8b465ee728b)
Start importing Assets/CorgiEngine/Demos/Minimal/MinimalSpawners.unity using Guid(4c2aaf8a2f44b4dd8bcabba19d475c87) Importer(815301076,1909f56bfc062723c751e8b465ee728b)  -> (artifact id: 'bd316f7f4f2f550ae0082328fe96677e') in 0.000647 seconds
Number of updated asset objects reloaded before import = 0
Number of asset objects unloaded after import = 0
========================================================================
Received Import Request.
  Time since last request: 11.463252 seconds.
  path: Assets/CorgiEngine/Demos/Minimal/MinimalStairs.unity
  artifactKey: Guid(9494d759434f80b4381b1da2a0fa14a0) Importer(815301076,1909f56bfc062723c751e8b465ee728b)
Start importing Assets/CorgiEngine/Demos/Minimal/MinimalStairs.unity using Guid(9494d759434f80b4381b1da2a0fa14a0) Importer(815301076,1909f56bfc062723c751e8b465ee728b)  -> (artifact id: 'ace75045f093f4dd2d7c7a35bef15430') in 0.000738 seconds
Number of updated asset objects reloaded before import = 0
Number of asset objects unloaded after import = 0
========================================================================
Received Import Request.
  Time since last request: 1.539199 seconds.
  path: Assets/CorgiEngine/Demos/Minimal/MinimalSlopes.unity
  artifactKey: Guid(5a37564541f3b554d83f69844d59b915) Importer(815301076,1909f56bfc062723c751e8b465ee728b)
Start importing Assets/CorgiEngine/Demos/Minimal/MinimalSlopes.unity using Guid(5a37564541f3b554d83f69844d59b915) Importer(815301076,1909f56bfc062723c751e8b465ee728b)  -> (artifact id: '7c15be145fe90c28a3b47a59d1f37f78') in 0.000589 seconds
Number of updated asset objects reloaded before import = 0
Number of asset objects unloaded after import = 0
========================================================================
Received Import Request.
  Time since last request: 0.723238 seconds.
  path: Assets/CorgiEngine/Demos/Minimal/MinimalRooms2.unity
  artifactKey: Guid(c982ea55a70c24044a9b4226f6446108) Importer(815301076,1909f56bfc062723c751e8b465ee728b)
Start importing Assets/CorgiEngine/Demos/Minimal/MinimalRooms2.unity using Guid(c982ea55a70c24044a9b4226f6446108) Importer(815301076,1909f56bfc062723c751e8b465ee728b)  -> (artifact id: '2b38570fa094fbce90cb2306941e23a5') in 0.000629 seconds
Number of updated asset objects reloaded before import = 0
Number of asset objects unloaded after import = 0
========================================================================
Received Import Request.
  Time since last request: 0.523926 seconds.
  path: Assets/CorgiEngine/Demos/Minimal/MinimalRooms1.unity
  artifactKey: Guid(8c65f7d9dde72e74d93288177dad2006) Importer(815301076,1909f56bfc062723c751e8b465ee728b)
Start importing Assets/CorgiEngine/Demos/Minimal/MinimalRooms1.unity using Guid(8c65f7d9dde72e74d93288177dad2006) Importer(815301076,1909f56bfc062723c751e8b465ee728b)  -> (artifact id: 'cca9ff7058ed930ff54ce69bd9f523b6') in 0.000603 seconds
Number of updated asset objects reloaded before import = 0
Number of asset objects unloaded after import = 0
========================================================================
Received Import Request.
  Time since last request: 1.786986 seconds.
  path: Assets/CorgiEngine/Demos/Minimal/MinimalPixelPerfect.unity
  artifactKey: Guid(222134e89397758428b4027f33abba30) Importer(815301076,1909f56bfc062723c751e8b465ee728b)
Start importing Assets/CorgiEngine/Demos/Minimal/MinimalPixelPerfect.unity using Guid(222134e89397758428b4027f33abba30) Importer(815301076,1909f56bfc062723c751e8b465ee728b)  -> (artifact id: 'b432f277584eee0f40720b7ad4bc3c15') in 0.000700 seconds
Number of updated asset objects reloaded before import = 0
Number of asset objects unloaded after import = 0
========================================================================
Received Import Request.
  Time since last request: 0.684423 seconds.
  path: Assets/CorgiEngine/Demos/Minimal/MinimalPerf.unity
  artifactKey: Guid(1e8feb8b31979f24693c2f9874367517) Importer(815301076,1909f56bfc062723c751e8b465ee728b)
Start importing Assets/CorgiEngine/Demos/Minimal/MinimalPerf.unity using Guid(1e8feb8b31979f24693c2f9874367517) Importer(815301076,1909f56bfc062723c751e8b465ee728b)  -> (artifact id: '300852844e2614ed45729c3af720797a') in 0.000471 seconds
Number of updated asset objects reloaded before import = 0
Number of asset objects unloaded after import = 0
========================================================================
Received Import Request.
  Time since last request: 0.509083 seconds.
  path: Assets/CorgiEngine/Demos/Minimal/MinimalOneWayLevelVertical.unity
  artifactKey: Guid(c8d1ba4ad1f68a5449b10a0921eabb7a) Importer(815301076,1909f56bfc062723c751e8b465ee728b)
Start importing Assets/CorgiEngine/Demos/Minimal/MinimalOneWayLevelVertical.unity using Guid(c8d1ba4ad1f68a5449b10a0921eabb7a) Importer(815301076,1909f56bfc062723c751e8b465ee728b)  -> (artifact id: 'd094692916191fe40d01619db34c45ba') in 0.000510 seconds
Number of updated asset objects reloaded before import = 0
Number of asset objects unloaded after import = 0
========================================================================
Received Import Request.
  Time since last request: 0.258311 seconds.
  path: Assets/CorgiEngine/Demos/Minimal/MinimalDynamicGravity.unity
  artifactKey: Guid(24e8717724dfca541a7746982e12ab23) Importer(815301076,1909f56bfc062723c751e8b465ee728b)
Start importing Assets/CorgiEngine/Demos/Minimal/MinimalDynamicGravity.unity using Guid(24e8717724dfca541a7746982e12ab23) Importer(815301076,1909f56bfc062723c751e8b465ee728b)  -> (artifact id: '7052ce48b6a97e92ad0b9eeacaf8172f') in 0.000535 seconds
Number of updated asset objects reloaded before import = 0
Number of asset objects unloaded after import = 0
========================================================================
Received Import Request.
  Time since last request: 0.037481 seconds.
  path: Assets/CorgiEngine/Demos/Minimal/MinimalDamageTypes.unity
  artifactKey: Guid(dac9321fe171d794f9b3f600a6a9e725) Importer(815301076,1909f56bfc062723c751e8b465ee728b)
Start importing Assets/CorgiEngine/Demos/Minimal/MinimalDamageTypes.unity using Guid(dac9321fe171d794f9b3f600a6a9e725) Importer(815301076,1909f56bfc062723c751e8b465ee728b)  -> (artifact id: 'b7ccaf2ecea58cdf957494141ce07b5f') in 0.000471 seconds
Number of updated asset objects reloaded before import = 0
Number of asset objects unloaded after import = 0
========================================================================
Received Import Request.
  Time since last request: 0.027207 seconds.
  path: Assets/CorgiEngine/Demos/Minimal/MinimalCinemachineZones.unity
  artifactKey: Guid(18021034d32868049ab88f55d2a3ebdf) Importer(815301076,1909f56bfc062723c751e8b465ee728b)
Start importing Assets/CorgiEngine/Demos/Minimal/MinimalCinemachineZones.unity using Guid(18021034d32868049ab88f55d2a3ebdf) Importer(815301076,1909f56bfc062723c751e8b465ee728b)  -> (artifact id: '7bb0800e1779b14af12bf5bfbfa3ec01') in 0.000480 seconds
Number of updated asset objects reloaded before import = 0
Number of asset objects unloaded after import = 0
========================================================================
Received Import Request.
  Time since last request: 0.022806 seconds.
  path: Assets/CorgiEngine/Demos/Minimal/MinimalCharacterSwitch.unity
  artifactKey: Guid(e88faf07b1c65904c9a50ac65f300878) Importer(815301076,1909f56bfc062723c751e8b465ee728b)
Start importing Assets/CorgiEngine/Demos/Minimal/MinimalCharacterSwitch.unity using Guid(e88faf07b1c65904c9a50ac65f300878) Importer(815301076,1909f56bfc062723c751e8b465ee728b)  -> (artifact id: '9e5d353f70ef124a73aef4cf0fbd82f2') in 0.000476 seconds
Number of updated asset objects reloaded before import = 0
Number of asset objects unloaded after import = 0
========================================================================
Received Import Request.
  Time since last request: 0.029773 seconds.
  path: Assets/CorgiEngine/Demos/Minimal/MinimalCharacterSwap.unity
  artifactKey: Guid(71edfb2fd45021646941033d28e781fb) Importer(815301076,1909f56bfc062723c751e8b465ee728b)
Start importing Assets/CorgiEngine/Demos/Minimal/MinimalCharacterSwap.unity using Guid(71edfb2fd45021646941033d28e781fb) Importer(815301076,1909f56bfc062723c751e8b465ee728b)  -> (artifact id: '15e896ccac16c524e7e07242f3f436e6') in 0.000499 seconds
Number of updated asset objects reloaded before import = 0
Number of asset objects unloaded after import = 0
========================================================================
Received Import Request.
  Time since last request: 0.029694 seconds.
  path: Assets/CorgiEngine/Demos/Minimal/MinimalAutoMovement.unity
  artifactKey: Guid(00bc6681f52186e429e065009169f47d) Importer(815301076,1909f56bfc062723c751e8b465ee728b)
Start importing Assets/CorgiEngine/Demos/Minimal/MinimalAutoMovement.unity using Guid(00bc6681f52186e429e065009169f47d) Importer(815301076,1909f56bfc062723c751e8b465ee728b)  -> (artifact id: '57f4a8e06c9e162d44ccb1d3533d66cd') in 0.000528 seconds
Number of updated asset objects reloaded before import = 0
Number of asset objects unloaded after import = 0
========================================================================
Received Import Request.
  Time since last request: 0.030773 seconds.
  path: Assets/CorgiEngine/Demos/Minimal/Minimal4Players.unity
  artifactKey: Guid(473ff282eb94d494290a75136e630771) Importer(815301076,1909f56bfc062723c751e8b465ee728b)
Start importing Assets/CorgiEngine/Demos/Minimal/Minimal4Players.unity using Guid(473ff282eb94d494290a75136e630771) Importer(815301076,1909f56bfc062723c751e8b465ee728b)  -> (artifact id: '7375b69d88ea6fcda7371508a4e32070') in 0.000604 seconds
Number of updated asset objects reloaded before import = 0
Number of asset objects unloaded after import = 0
========================================================================
Received Import Request.
  Time since last request: 0.044395 seconds.
  path: Assets/CorgiEngine/Demos/Minimal/FeaturesWeapons.unity
  artifactKey: Guid(ebcd6de0032f6a946a11ce7c5c7e5b02) Importer(815301076,1909f56bfc062723c751e8b465ee728b)
Start importing Assets/CorgiEngine/Demos/Minimal/FeaturesWeapons.unity using Guid(ebcd6de0032f6a946a11ce7c5c7e5b02) Importer(815301076,1909f56bfc062723c751e8b465ee728b)  -> (artifact id: '8806bd0d0c311cc514d21a33612cb0e7') in 0.000506 seconds
Number of updated asset objects reloaded before import = 0
Number of asset objects unloaded after import = 0
========================================================================
Received Import Request.
  Time since last request: 0.028668 seconds.
  path: Assets/CorgiEngine/Demos/Minimal/FeaturesPlatformsGravityFlipped.unity
  artifactKey: Guid(0ed1a168af3dfbd4d84d743d54fb49e8) Importer(815301076,1909f56bfc062723c751e8b465ee728b)
Start importing Assets/CorgiEngine/Demos/Minimal/FeaturesPlatformsGravityFlipped.unity using Guid(0ed1a168af3dfbd4d84d743d54fb49e8) Importer(815301076,1909f56bfc062723c751e8b465ee728b)  -> (artifact id: '45cd583ea149c8a7c3653a3f2fca323a') in 0.000478 seconds
Number of updated asset objects reloaded before import = 0
Number of asset objects unloaded after import = 0
========================================================================
Received Import Request.
  Time since last request: 0.030183 seconds.
  path: Assets/CorgiEngine/Demos/Minimal/FeaturesPlatforms.unity
  artifactKey: Guid(7c52201ab32b101488d1487d7683ccdb) Importer(815301076,1909f56bfc062723c751e8b465ee728b)
Start importing Assets/CorgiEngine/Demos/Minimal/FeaturesPlatforms.unity using Guid(7c52201ab32b101488d1487d7683ccdb) Importer(815301076,1909f56bfc062723c751e8b465ee728b)  -> (artifact id: 'f893eaca3b70cea7ae57a58a424662de') in 0.000490 seconds
Number of updated asset objects reloaded before import = 0
Number of asset objects unloaded after import = 0
========================================================================
Received Import Request.
  Time since last request: 0.028643 seconds.
  path: Assets/CorgiEngine/Demos/Minimal/FeaturesKeys.unity
  artifactKey: Guid(654cb02afee826c4e8c21a77155e84e3) Importer(815301076,1909f56bfc062723c751e8b465ee728b)
Start importing Assets/CorgiEngine/Demos/Minimal/FeaturesKeys.unity using Guid(654cb02afee826c4e8c21a77155e84e3) Importer(815301076,1909f56bfc062723c751e8b465ee728b)  -> (artifact id: '5f87c2d4971bedee5296ecdf230b8826') in 0.000522 seconds
Number of updated asset objects reloaded before import = 0
Number of asset objects unloaded after import = 0
========================================================================
Received Import Request.
  Time since last request: 0.032521 seconds.
  path: Assets/CorgiEngine/Demos/Minimal/FeaturesInventory.unity
  artifactKey: Guid(01cc8dfd93b2bf64c8ffaea6085007d9) Importer(815301076,1909f56bfc062723c751e8b465ee728b)
Start importing Assets/CorgiEngine/Demos/Minimal/FeaturesInventory.unity using Guid(01cc8dfd93b2bf64c8ffaea6085007d9) Importer(815301076,1909f56bfc062723c751e8b465ee728b)  -> (artifact id: '212be3097edfa4ed703ee686a8aabaa4') in 0.000482 seconds
Number of updated asset objects reloaded before import = 0
Number of asset objects unloaded after import = 0
========================================================================
Received Import Request.
  Time since last request: 0.025736 seconds.
  path: Assets/CorgiEngine/Demos/Minimal/FeaturesGravity.unity
  artifactKey: Guid(6bc87e572545fc543b9e3a9a445f0e44) Importer(815301076,1909f56bfc062723c751e8b465ee728b)
Start importing Assets/CorgiEngine/Demos/Minimal/FeaturesGravity.unity using Guid(6bc87e572545fc543b9e3a9a445f0e44) Importer(815301076,1909f56bfc062723c751e8b465ee728b)  -> (artifact id: 'f96bfc1d14c50be46c29e49dd20050b4') in 0.000449 seconds
Number of updated asset objects reloaded before import = 0
Number of asset objects unloaded after import = 0
========================================================================
Received Import Request.
  Time since last request: 0.029732 seconds.
  path: Assets/CorgiEngine/Demos/Minimal/Sprites
  artifactKey: Guid(caf1d1c68513eb34795bd3f26cae3651) Importer(815301076,1909f56bfc062723c751e8b465ee728b)
Start importing Assets/CorgiEngine/Demos/Minimal/Sprites using Guid(caf1d1c68513eb34795bd3f26cae3651) Importer(815301076,1909f56bfc062723c751e8b465ee728b)  -> (artifact id: 'a0dcada8a7674e3b685c1c7d611b9276') in 0.000420 seconds
Number of updated asset objects reloaded before import = 0
Number of asset objects unloaded after import = 0
========================================================================
Received Import Request.
  Time since last request: 0.044943 seconds.
  path: Assets/CorgiEngine/Demos/Minimal/Scripts
  artifactKey: Guid(96ead6ff8a7bed6479d19eaf5799f702) Importer(815301076,1909f56bfc062723c751e8b465ee728b)
Start importing Assets/CorgiEngine/Demos/Minimal/Scripts using Guid(96ead6ff8a7bed6479d19eaf5799f702) Importer(815301076,1909f56bfc062723c751e8b465ee728b)  -> (artifact id: '4fce3f6dfd12de36e57984cccaeced57') in 0.000407 seconds
Number of updated asset objects reloaded before import = 0
Number of asset objects unloaded after import = 0
========================================================================
Received Import Request.
  Time since last request: 0.028997 seconds.
  path: Assets/CorgiEngine/Demos/Minimal/Resources
  artifactKey: Guid(6974b6628b77e4f47bd4ff8c8cdb6379) Importer(815301076,1909f56bfc062723c751e8b465ee728b)
Start importing Assets/CorgiEngine/Demos/Minimal/Resources using Guid(6974b6628b77e4f47bd4ff8c8cdb6379) Importer(815301076,1909f56bfc062723c751e8b465ee728b)  -> (artifact id: '14bde0c20d0b927adbaa8847de7756c2') in 0.000405 seconds
Number of updated asset objects reloaded before import = 0
Number of asset objects unloaded after import = 0
========================================================================
Received Import Request.
  Time since last request: 0.029923 seconds.
  path: Assets/CorgiEngine/Demos/Minimal/Prefabs
  artifactKey: Guid(c602cdf5f5d4e2b4e873f54f5390cd14) Importer(815301076,1909f56bfc062723c751e8b465ee728b)
Start importing Assets/CorgiEngine/Demos/Minimal/Prefabs using Guid(c602cdf5f5d4e2b4e873f54f5390cd14) Importer(815301076,1909f56bfc062723c751e8b465ee728b)  -> (artifact id: '6beba18da16068991eaa053b954a9e01') in 0.000458 seconds
Number of updated asset objects reloaded before import = 0
Number of asset objects unloaded after import = 0
========================================================================
Received Import Request.
  Time since last request: 0.031291 seconds.
  path: Assets/CorgiEngine/Demos/Minimal/Materials
  artifactKey: Guid(229ccdd984b8c6e499ccd510ef91d6e4) Importer(815301076,1909f56bfc062723c751e8b465ee728b)
Start importing Assets/CorgiEngine/Demos/Minimal/Materials using Guid(229ccdd984b8c6e499ccd510ef91d6e4) Importer(815301076,1909f56bfc062723c751e8b465ee728b)  -> (artifact id: 'a5056c5f4142e71743cdf3fcd7e4afd6') in 0.000411 seconds
Number of updated asset objects reloaded before import = 0
Number of asset objects unloaded after import = 0
========================================================================
Received Import Request.
  Time since last request: 0.029495 seconds.
  path: Assets/CorgiEngine/Demos/Minimal/Lighting
  artifactKey: Guid(5328b0f43cf074547a7957f14ca648e2) Importer(815301076,1909f56bfc062723c751e8b465ee728b)
Start importing Assets/CorgiEngine/Demos/Minimal/Lighting using Guid(5328b0f43cf074547a7957f14ca648e2) Importer(815301076,1909f56bfc062723c751e8b465ee728b)  -> (artifact id: '415c710325ed8da73729c5138d476cde') in 0.000458 seconds
Number of updated asset objects reloaded before import = 0
Number of asset objects unloaded after import = 0
========================================================================
Received Import Request.
  Time since last request: 0.031062 seconds.
  path: Assets/CorgiEngine/Demos/Minimal/JumpBlendTree
  artifactKey: Guid(7bc3010910ddac84a8a931415633bf8d) Importer(815301076,1909f56bfc062723c751e8b465ee728b)
Start importing Assets/CorgiEngine/Demos/Minimal/JumpBlendTree using Guid(7bc3010910ddac84a8a931415633bf8d) Importer(815301076,1909f56bfc062723c751e8b465ee728b)  -> (artifact id: '1ef98f7d9e430eef43500ed4f7fc00be') in 0.000412 seconds
Number of updated asset objects reloaded before import = 0
Number of asset objects unloaded after import = 0
========================================================================
Received Import Request.
  Time since last request: 0.028089 seconds.
  path: Assets/CorgiEngine/Demos/Minimal/Data
  artifactKey: Guid(cf150bd57783c2243945e1588eb0e201) Importer(815301076,1909f56bfc062723c751e8b465ee728b)
Start importing Assets/CorgiEngine/Demos/Minimal/Data using Guid(cf150bd57783c2243945e1588eb0e201) Importer(815301076,1909f56bfc062723c751e8b465ee728b)  -> (artifact id: 'f96f4710555e3a73017394a3dd572d01') in 0.000410 seconds
Number of updated asset objects reloaded before import = 0
Number of asset objects unloaded after import = 0
========================================================================
Received Import Request.
  Time since last request: 0.029476 seconds.
  path: Assets/CorgiEngine/Demos/Minimal/Animations
  artifactKey: Guid(537aedaa30afb4a4684c591e8b525088) Importer(815301076,1909f56bfc062723c751e8b465ee728b)
Start importing Assets/CorgiEngine/Demos/Minimal/Animations using Guid(537aedaa30afb4a4684c591e8b525088) Importer(815301076,1909f56bfc062723c751e8b465ee728b)  -> (artifact id: '5de7dc3267c4de7445f3612ac0a3d6e5') in 0.000426 seconds
Number of updated asset objects reloaded before import = 0
Number of asset objects unloaded after import = 0
========================================================================
Received Prepare
Begin MonoManager ReloadAssembly
- Loaded All Assemblies, in  0.301 seconds
Refreshing native plugins compatible for Editor in 2.26 ms, found 3 plugins.
Native extension for WindowsStandalone target not found
[Package Manager] Server::EnsureServerProcessIsRunning -- launch failed, reason: Unity was launched with the -noUpm command-line argument
[Package Manager] UpmClient::Send -- Unable to send message (not connected to UPM process).
[Package Manager] Cannot connect to Unity Package Manager local server
Mono: successfully reloaded assembly
- Finished resetting the current domain, in  0.636 seconds
Domain Reload Profiling: 935ms
	BeginReloadAssembly (107ms)
		ExecutionOrderSort (0ms)
		DisableScriptedObjects (4ms)
		BackupInstance (0ms)
		ReleaseScriptingObjects (0ms)
		CreateAndSetChildDomain (25ms)
	RebuildCommonClasses (20ms)
	RebuildNativeTypeToScriptingClass (6ms)
	initialDomainReloadingComplete (21ms)
	LoadAllAssembliesAndSetupDomain (144ms)
		LoadAssemblies (181ms)
		RebuildTransferFunctionScriptingTraits (0ms)
		AnalyzeDomain (17ms)
			TypeCache.Refresh (5ms)
				TypeCache.ScanAssembly (0ms)
			ScanForSourceGeneratedMonoScriptInfo (0ms)
			ResolveRequiredComponents (11ms)
	FinalizeReload (637ms)
		ReleaseScriptCaches (0ms)
		RebuildScriptCaches (0ms)
		SetupLoadedEditorAssemblies (285ms)
			LogAssemblyErrors (0ms)
			InitializePlatformSupportModulesInManaged (4ms)
			SetLoadedEditorAssemblies (2ms)
			RefreshPlugins (0ms)
			BeforeProcessingInitializeOnLoad (49ms)
			ProcessInitializeOnLoadAttributes (207ms)
			ProcessInitializeOnLoadMethodAttributes (17ms)
			AfterProcessingInitializeOnLoad (5ms)
			EditorAssembliesLoaded (0ms)
		ExecutionOrderSort2 (0ms)
		AwakeInstancesAfterBackupRestoration (5ms)
Shader 'MoreMountains/MMRipple': fallback shader 'Particle/AlphaBlended' not found
Refreshing native plugins compatible for Editor in 2.60 ms, found 3 plugins.
Preloading 0 native plugins for Editor in 0.00 ms.
Unloading 4588 Unused Serialized files (Serialized files now loaded: 0)
Unloading 38 unused Assets / (1.3 MB). Loaded Objects now: 5112.
Memory consumption went from 235.3 MB to 234.0 MB.
Total: 2.763500 ms (FindLiveObjects: 0.243700 ms CreateObjectMapping: 0.308400 ms MarkObjects: 2.022800 ms  DeleteObjects: 0.186900 ms)

Prepare: number of updated asset objects reloaded= 0
AssetImportParameters requested are different than current active one (requested -> active):
  custom:container-demuxer-ogg: 62fdf1f143b41e24485cea50d1cbac27 -> 
  custom:video-codec-MediaFoundation-h265: 746d11721c4dcdbdad8f713fa42b33f4 -> 
  custom:video-decoder-ogg-theora: a1e56fd34408186e4bbccfd4996cb3dc -> 
  custom:framework-win-MediaFoundation: 216162199b28c13a410421893ffa2e32 -> 
  custom:CustomObjectIndexerAttribute: 756ad292c208cfabdd7b50bc23989ffe -> 
  custom:container-demuxer-webm: 4f35f7cbe854078d1ac9338744f61a02 -> 
  custom:container-muxer-webm: aa71ff27fc2769a1b78a27578f13a17b -> 
  custom:video-decoder-webm-vp8: 9c59270c3fd7afecdb556c50c9e8de78 -> 
  custom:SearchIndexIgnoredProperties: e643bd26f0fe6173181afceb89e7c659 -> 
  custom:AudioImporter_EditorPlatform: d09bf68614088b80899f8185d706f6e7 -> 
  custom:video-encoder-webm-vp8: eb34c28f22e8b96e1ab97ce403110664 -> 
  custom:audio-decoder-ogg-vorbis: bf7c407c2cedff20999df2af8eb42d56 -> 
  custom:audio-encoder-webm-vorbis: bf7c407c2cedff20999df2af8eb42d56 -> 
========================================================================
Received Prepare
Begin MonoManager ReloadAssembly
- Loaded All Assemblies, in  0.328 seconds
Refreshing native plugins compatible for Editor in 1.99 ms, found 3 plugins.
Native extension for WindowsStandalone target not found
[Package Manager] Server::EnsureServerProcessIsRunning -- launch failed, reason: Unity was launched with the -noUpm command-line argument
[Package Manager] UpmClient::Send -- Unable to send message (not connected to UPM process).
[Package Manager] Cannot connect to Unity Package Manager local server
Mono: successfully reloaded assembly
- Finished resetting the current domain, in  0.689 seconds
Domain Reload Profiling: 1015ms
	BeginReloadAssembly (115ms)
		ExecutionOrderSort (0ms)
		DisableScriptedObjects (5ms)
		BackupInstance (0ms)
		ReleaseScriptingObjects (0ms)
		CreateAndSetChildDomain (27ms)
	RebuildCommonClasses (22ms)
	RebuildNativeTypeToScriptingClass (7ms)
	initialDomainReloadingComplete (20ms)
	LoadAllAssembliesAndSetupDomain (161ms)
		LoadAssemblies (199ms)
		RebuildTransferFunctionScriptingTraits (0ms)
		AnalyzeDomain (19ms)
			TypeCache.Refresh (5ms)
				TypeCache.ScanAssembly (0ms)
			ScanForSourceGeneratedMonoScriptInfo (0ms)
			ResolveRequiredComponents (12ms)
	FinalizeReload (690ms)
		ReleaseScriptCaches (0ms)
		RebuildScriptCaches (0ms)
		SetupLoadedEditorAssemblies (312ms)
			LogAssemblyErrors (0ms)
			InitializePlatformSupportModulesInManaged (5ms)
			SetLoadedEditorAssemblies (3ms)
			RefreshPlugins (0ms)
			BeforeProcessingInitializeOnLoad (54ms)
			ProcessInitializeOnLoadAttributes (228ms)
			ProcessInitializeOnLoadMethodAttributes (17ms)
			AfterProcessingInitializeOnLoad (5ms)
			EditorAssembliesLoaded (1ms)
		ExecutionOrderSort2 (0ms)
		AwakeInstancesAfterBackupRestoration (4ms)
Shader 'MoreMountains/MMRipple': fallback shader 'Particle/AlphaBlended' not found
Refreshing native plugins compatible for Editor in 2.04 ms, found 3 plugins.
Preloading 0 native plugins for Editor in 0.00 ms.
Unloading 4589 Unused Serialized files (Serialized files now loaded: 0)
Unloading 38 unused Assets / (1.3 MB). Loaded Objects now: 5127.
Memory consumption went from 235.6 MB to 234.2 MB.
Total: 2.743200 ms (FindLiveObjects: 0.235800 ms CreateObjectMapping: 0.123800 ms MarkObjects: 2.201300 ms  DeleteObjects: 0.181600 ms)

Prepare: number of updated asset objects reloaded= 0
AssetImportParameters requested are different than current active one (requested -> active):
  custom:container-demuxer-ogg: 62fdf1f143b41e24485cea50d1cbac27 -> 
  custom:video-codec-MediaFoundation-h265: 746d11721c4dcdbdad8f713fa42b33f4 -> 
  custom:video-decoder-ogg-theora: a1e56fd34408186e4bbccfd4996cb3dc -> 
  custom:framework-win-MediaFoundation: 216162199b28c13a410421893ffa2e32 -> 
  custom:CustomObjectIndexerAttribute: 756ad292c208cfabdd7b50bc23989ffe -> 
  custom:container-demuxer-webm: 4f35f7cbe854078d1ac9338744f61a02 -> 
  custom:container-muxer-webm: aa71ff27fc2769a1b78a27578f13a17b -> 
  custom:video-decoder-webm-vp8: 9c59270c3fd7afecdb556c50c9e8de78 -> 
  custom:SearchIndexIgnoredProperties: e643bd26f0fe6173181afceb89e7c659 -> 
  custom:AudioImporter_EditorPlatform: d09bf68614088b80899f8185d706f6e7 -> 
  custom:video-encoder-webm-vp8: eb34c28f22e8b96e1ab97ce403110664 -> 
  custom:audio-decoder-ogg-vorbis: bf7c407c2cedff20999df2af8eb42d56 -> 
  custom:audio-encoder-webm-vorbis: bf7c407c2cedff20999df2af8eb42d56 -> 
